<?xml version="1.0" encoding="UTF-8"?>
<testng-results skipped="0" failed="0" ignored="0" total="1" passed="1">
  <reporter-output>
  </reporter-output>
  <suite name="Default suite" duration-ms="2268" started-at="2020-02-28T07:58:32Z" finished-at="2020-02-28T07:58:34Z">
    <groups>
    </groups>
    <test name="Default test" duration-ms="2268" started-at="2020-02-28T07:58:32Z" finished-at="2020-02-28T07:58:34Z">
      <class name="Maveen.Sample.Sample">
        <test-method status="PASS" signature="s1()[pri:0, instance:Maveen.Sample.Sample@1565ec2]" name="s1" duration-ms="2212" started-at="2020-02-28T07:58:32Z" finished-at="2020-02-28T07:58:34Z">
          <reporter-output>
          </reporter-output>
        </test-method> <!-- s1 -->
      </class> <!-- Maveen.Sample.Sample -->
    </test> <!-- Default test -->
  </suite> <!-- Default suite -->
</testng-results>
